#
# There is insufficient memory for the Java Runtime Environment to continue.
# Native memory allocation (malloc) failed to allocate 79056 bytes for Chunk::new
# Possible reasons:
#   The system is out of physical RAM or swap space
#   The process is running with CompressedOops enabled, and the Java Heap may be blocking the growth of the native heap
# Possible solutions:
#   Reduce memory load on the system
#   Increase physical memory or swap space
#   Check if swap backing store is full
#   Decrease Java heap size (-Xmx/-Xms)
#   Decrease number of Java threads
#   Decrease Java thread stack sizes (-Xss)
#   Set larger code cache with -XX:ReservedCodeCacheSize=
#   JVM is running with Zero Based Compressed Oops mode in which the Java heap is
#     placed in the first 32GB address space. The Java Heap base address is the
#     maximum limit for the native heap growth. Please use -XX:HeapBaseMinAddress
#     to set the Java Heap base and to place the Java Heap above 32GB virtual address.
# This output file may be truncated or incomplete.
#
#  Out of Memory Error (./src/hotspot/share/memory/arena.cpp:197), pid=1748, tid=33688
#
# JRE version: OpenJDK Runtime Environment Temurin-11.0.14.1+1 (11.0.14.1+1) (build 11.0.14.1+1)
# Java VM: OpenJDK 64-Bit Server VM Temurin-11.0.14.1+1 (11.0.14.1+1, mixed mode, tiered, compressed oops, g1 gc, windows-amd64)
# No core dump will be written. Minidumps are not enabled by default on client versions of Windows
#

---------------  S U M M A R Y ------------

Command Line: -Dcom.android.sdklib.toolsdir=D:\Program Files\Unity\Hub\Editor\2023.1.19f1\Editor\Data\PlaybackEngines\AndroidPlayer\SDK\cmdline-tools\6.0\bin\\.. com.android.sdklib.tool.sdkmanager.SdkManagerCli --list

Host: 11th Gen Intel(R) Core(TM) i7-1195G7 @ 2.90GHz, 8 cores, 11G,  Windows 10 , 64 bit Build 19041 (10.0.19041.1889)
Time: Mon Jan 22 21:02:14 2024 FLE Standard Time elapsed time: 1.188274 seconds (0d 0h 0m 1s)

---------------  T H R E A D  ---------------

Current thread (0x000001a242514800):  JavaThread "C2 CompilerThread0" daemon [_thread_in_native, id=33688, stack(0x0000008a5ac00000,0x0000008a5ad00000)]


Current CompileTask:
C2:   1188 2370       4       java.util.HashMap$HashIterator::<init> (79 bytes)

Stack: [0x0000008a5ac00000,0x0000008a5ad00000]
Native frames: (J=compiled Java code, j=interpreted, Vv=VM code, C=native code)
V  [jvm.dll+0x61e59a]
V  [jvm.dll+0x7aaca9]
V  [jvm.dll+0x7ac398]
V  [jvm.dll+0x7aca73]
V  [jvm.dll+0x24f9b8]
V  [jvm.dll+0xc260c]
V  [jvm.dll+0xc2bcc]
V  [jvm.dll+0x3599c2]
V  [jvm.dll+0x325b93]
V  [jvm.dll+0x324eca]
V  [jvm.dll+0x208c05]
V  [jvm.dll+0x207ded]
V  [jvm.dll+0x18a2c1]
V  [jvm.dll+0x217734]
V  [jvm.dll+0x21597b]
V  [jvm.dll+0x76d7c0]
V  [jvm.dll+0x766724]
V  [jvm.dll+0x61d3f6]
C  [ucrtbase.dll+0x21bb2]
C  [KERNEL32.DLL+0x17034]
C  [ntdll.dll+0x526a1]


---------------  P R O C E S S  ---------------

Threads class SMR info:
_java_thread_list=0x000001a242769680, length=31, elements={
0x000001a220692800, 0x000001a2424b9000, 0x000001a242486800, 0x000001a242506000,
0x000001a24250a000, 0x000001a24250c800, 0x000001a242514800, 0x000001a242516000,
0x000001a242517000, 0x000001a242689000, 0x000001a242b13000, 0x000001a24315b800,
0x000001a243161000, 0x000001a243168800, 0x000001a243169800, 0x000001a2436fa000,
0x000001a2436fb000, 0x000001a2436fc000, 0x000001a2436fd000, 0x000001a2436ff800,
0x000001a243701000, 0x000001a2436da800, 0x000001a2436d8800, 0x000001a2436db000,
0x000001a2436d9800, 0x000001a2436dc000, 0x000001a2436d6800, 0x000001a2436d8000,
0x000001a2436dd000, 0x000001a2436d7000, 0x000001a24372e800
}

Java Threads: ( => current thread )
  0x000001a220692800 JavaThread "main" [_thread_blocked, id=19016, stack(0x0000008a5a000000,0x0000008a5a100000)]
  0x000001a2424b9000 JavaThread "Reference Handler" daemon [_thread_blocked, id=29212, stack(0x0000008a5a700000,0x0000008a5a800000)]
  0x000001a242486800 JavaThread "Finalizer" daemon [_thread_blocked, id=9104, stack(0x0000008a5a800000,0x0000008a5a900000)]
  0x000001a242506000 JavaThread "Signal Dispatcher" daemon [_thread_blocked, id=32808, stack(0x0000008a5a900000,0x0000008a5aa00000)]
  0x000001a24250a000 JavaThread "Attach Listener" daemon [_thread_blocked, id=17336, stack(0x0000008a5aa00000,0x0000008a5ab00000)]
  0x000001a24250c800 JavaThread "Service Thread" daemon [_thread_blocked, id=6076, stack(0x0000008a5ab00000,0x0000008a5ac00000)]
=>0x000001a242514800 JavaThread "C2 CompilerThread0" daemon [_thread_in_native, id=33688, stack(0x0000008a5ac00000,0x0000008a5ad00000)]
  0x000001a242516000 JavaThread "C1 CompilerThread0" daemon [_thread_blocked, id=3912, stack(0x0000008a5ad00000,0x0000008a5ae00000)]
  0x000001a242517000 JavaThread "Sweeper thread" daemon [_thread_blocked, id=31936, stack(0x0000008a5ae00000,0x0000008a5af00000)]
  0x000001a242689000 JavaThread "Common-Cleaner" daemon [_thread_blocked, id=32820, stack(0x0000008a5b000000,0x0000008a5b100000)]
  0x000001a242b13000 JavaThread "C2 CompilerThread1" daemon [_thread_in_native, id=25148, stack(0x0000008a5b100000,0x0000008a5b200000)]
  0x000001a24315b800 JavaThread "Keep-Alive-Timer" daemon [_thread_blocked, id=33704, stack(0x0000008a5b600000,0x0000008a5b700000)]
  0x000001a243161000 JavaThread "pool-1-thread-1" [_thread_in_native, id=16316, stack(0x0000008a5b700000,0x0000008a5b800000)]
  0x000001a243168800 JavaThread "pool-1-thread-2" [_thread_in_native, id=1684, stack(0x0000008a5b800000,0x0000008a5b900000)]
  0x000001a243169800 JavaThread "pool-1-thread-3" [_thread_in_native, id=28492, stack(0x0000008a5b900000,0x0000008a5ba00000)]
  0x000001a2436fa000 JavaThread "pool-1-thread-4" [_thread_in_native, id=27072, stack(0x0000008a5ba00000,0x0000008a5bb00000)]
  0x000001a2436fb000 JavaThread "pool-1-thread-5" [_thread_in_native, id=7048, stack(0x0000008a5bb00000,0x0000008a5bc00000)]
  0x000001a2436fc000 JavaThread "pool-1-thread-6" [_thread_in_native, id=30044, stack(0x0000008a5bc00000,0x0000008a5bd00000)]
  0x000001a2436fd000 JavaThread "pool-1-thread-7" [_thread_in_native, id=29024, stack(0x0000008a5bd00000,0x0000008a5be00000)]
  0x000001a2436ff800 JavaThread "pool-1-thread-8" [_thread_in_native, id=27888, stack(0x0000008a5be00000,0x0000008a5bf00000)]
  0x000001a243701000 JavaThread "pool-1-thread-9" [_thread_in_native, id=28904, stack(0x0000008a5bf00000,0x0000008a5c000000)]
  0x000001a2436da800 JavaThread "pool-1-thread-10" [_thread_in_native, id=27416, stack(0x0000008a5c000000,0x0000008a5c100000)]
  0x000001a2436d8800 JavaThread "pool-1-thread-11" [_thread_in_native, id=22036, stack(0x0000008a5c100000,0x0000008a5c200000)]
  0x000001a2436db000 JavaThread "pool-1-thread-12" [_thread_in_native, id=17156, stack(0x0000008a5c200000,0x0000008a5c300000)]
  0x000001a2436d9800 JavaThread "pool-1-thread-13" [_thread_in_native, id=21352, stack(0x0000008a5c300000,0x0000008a5c400000)]
  0x000001a2436dc000 JavaThread "pool-1-thread-14" [_thread_in_native, id=13444, stack(0x0000008a5c400000,0x0000008a5c500000)]
  0x000001a2436d6800 JavaThread "pool-1-thread-15" [_thread_in_native, id=9220, stack(0x0000008a5c500000,0x0000008a5c600000)]
  0x000001a2436d8000 JavaThread "pool-1-thread-16" [_thread_in_native, id=33308, stack(0x0000008a5c600000,0x0000008a5c700000)]
  0x000001a2436dd000 JavaThread "pool-1-thread-17" [_thread_in_native, id=3580, stack(0x0000008a5c700000,0x0000008a5c800000)]
  0x000001a2436d7000 JavaThread "pool-1-thread-18" [_thread_in_native, id=2764, stack(0x0000008a5c800000,0x0000008a5c900000)]
  0x000001a24372e800 JavaThread "pool-1-thread-19" [_thread_in_native, id=26412, stack(0x0000008a5c900000,0x0000008a5ca00000)]

Other Threads:
  0x000001a242484000 VMThread "VM Thread" [stack: 0x0000008a5a600000,0x0000008a5a700000] [id=13984]
  0x000001a242684800 WatcherThread [stack: 0x0000008a5af00000,0x0000008a5b000000] [id=31200]
  0x000001a2206aa000 GCTaskThread "GC Thread#0" [stack: 0x0000008a5a100000,0x0000008a5a200000] [id=33724]
  0x000001a2435ff000 GCTaskThread "GC Thread#1" [stack: 0x0000008a5b200000,0x0000008a5b300000] [id=32116]
  0x000001a243605000 GCTaskThread "GC Thread#2" [stack: 0x0000008a5b300000,0x0000008a5b400000] [id=23584]
  0x000001a2435ff800 GCTaskThread "GC Thread#3" [stack: 0x0000008a5b400000,0x0000008a5b500000] [id=31428]
  0x000001a2206f3000 ConcurrentGCThread "G1 Main Marker" [stack: 0x0000008a5a200000,0x0000008a5a300000] [id=28592]
  0x000001a2206f6800 ConcurrentGCThread "G1 Conc#0" [stack: 0x0000008a5a300000,0x0000008a5a400000] [id=33468]
  0x000001a243603800 ConcurrentGCThread "G1 Conc#1" [stack: 0x0000008a5b500000,0x0000008a5b600000] [id=31920]
  0x000001a22076d800 ConcurrentGCThread "G1 Refine#0" [stack: 0x0000008a5a400000,0x0000008a5a500000] [id=16412]
  0x000001a241ae7800 ConcurrentGCThread "G1 Young RemSet Sampling" [stack: 0x0000008a5a500000,0x0000008a5a600000] [id=14076]

Threads with active compile tasks:
C2 CompilerThread0   1206 2370       4       java.util.HashMap$HashIterator::<init> (79 bytes)
C2 CompilerThread1   1206 2381       4       java.util.AbstractCollection::addAll (42 bytes)

VM state:not at safepoint (normal execution)

VM Mutex/Monitor currently owned by a thread: None

Heap address: 0x0000000743600000, size: 3018 MB, Compressed Oops mode: Zero based, Oop shift amount: 3
Narrow klass base: 0x0000000800000000, Narrow klass shift: 0
Compressed class space size: 1073741824 Address: 0x0000000800000000

Heap:
 garbage-first heap   total 194560K, used 29884K [0x0000000743600000, 0x0000000800000000)
  region size 1024K, 30 young (30720K), 6 survivors (6144K)
 Metaspace       used 24145K, capacity 24516K, committed 24704K, reserved 1071104K
  class space    used 2475K, capacity 2593K, committed 2688K, reserved 1048576K
Heap Regions: E=young(eden), S=young(survivor), O=old, HS=humongous(starts), HC=humongous(continues), CS=collection set, F=free, A=archive, TAMS=top-at-mark-start (previous, next)
|   0|0x0000000743600000, 0x0000000743600000, 0x0000000743700000|  0%| F|  |TAMS 0x0000000743600000, 0x0000000743600000| Untracked 
|   1|0x0000000743700000, 0x000000074374f200, 0x0000000743800000| 30%| O|  |TAMS 0x000000074374f200, 0x0000000743700000| Untracked 
|   2|0x0000000743800000, 0x0000000743800000, 0x0000000743900000|  0%| F|  |TAMS 0x0000000743800000, 0x0000000743800000| Untracked 
|   3|0x0000000743900000, 0x0000000743900000, 0x0000000743a00000|  0%| F|  |TAMS 0x0000000743900000, 0x0000000743900000| Untracked 
|   4|0x0000000743a00000, 0x0000000743a00000, 0x0000000743b00000|  0%| F|  |TAMS 0x0000000743a00000, 0x0000000743a00000| Untracked 
|   5|0x0000000743b00000, 0x0000000743b00000, 0x0000000743c00000|  0%| F|  |TAMS 0x0000000743b00000, 0x0000000743b00000| Untracked 
|   6|0x0000000743c00000, 0x0000000743c00000, 0x0000000743d00000|  0%| F|  |TAMS 0x0000000743c00000, 0x0000000743c00000| Untracked 
|   7|0x0000000743d00000, 0x0000000743d00000, 0x0000000743e00000|  0%| F|  |TAMS 0x0000000743d00000, 0x0000000743d00000| Untracked 
|   8|0x0000000743e00000, 0x0000000743e00000, 0x0000000743f00000|  0%| F|  |TAMS 0x0000000743e00000, 0x0000000743e00000| Untracked 
|   9|0x0000000743f00000, 0x0000000743f00000, 0x0000000744000000|  0%| F|  |TAMS 0x0000000743f00000, 0x0000000743f00000| Untracked 
|  10|0x0000000744000000, 0x0000000744000000, 0x0000000744100000|  0%| F|  |TAMS 0x0000000744000000, 0x0000000744000000| Untracked 
|  11|0x0000000744100000, 0x0000000744100000, 0x0000000744200000|  0%| F|  |TAMS 0x0000000744100000, 0x0000000744100000| Untracked 
|  12|0x0000000744200000, 0x0000000744200000, 0x0000000744300000|  0%| F|  |TAMS 0x0000000744200000, 0x0000000744200000| Untracked 
|  13|0x0000000744300000, 0x0000000744300000, 0x0000000744400000|  0%| F|  |TAMS 0x0000000744300000, 0x0000000744300000| Untracked 
|  14|0x0000000744400000, 0x0000000744400000, 0x0000000744500000|  0%| F|  |TAMS 0x0000000744400000, 0x0000000744400000| Untracked 
|  15|0x0000000744500000, 0x0000000744500000, 0x0000000744600000|  0%| F|  |TAMS 0x0000000744500000, 0x0000000744500000| Untracked 
|  16|0x0000000744600000, 0x0000000744600000, 0x0000000744700000|  0%| F|  |TAMS 0x0000000744600000, 0x0000000744600000| Untracked 
|  17|0x0000000744700000, 0x0000000744700000, 0x0000000744800000|  0%| F|  |TAMS 0x0000000744700000, 0x0000000744700000| Untracked 
|  18|0x0000000744800000, 0x0000000744800000, 0x0000000744900000|  0%| F|  |TAMS 0x0000000744800000, 0x0000000744800000| Untracked 
|  19|0x0000000744900000, 0x0000000744900000, 0x0000000744a00000|  0%| F|  |TAMS 0x0000000744900000, 0x0000000744900000| Untracked 
|  20|0x0000000744a00000, 0x0000000744a00000, 0x0000000744b00000|  0%| F|  |TAMS 0x0000000744a00000, 0x0000000744a00000| Untracked 
|  21|0x0000000744b00000, 0x0000000744b00000, 0x0000000744c00000|  0%| F|  |TAMS 0x0000000744b00000, 0x0000000744b00000| Untracked 
|  22|0x0000000744c00000, 0x0000000744c00000, 0x0000000744d00000|  0%| F|  |TAMS 0x0000000744c00000, 0x0000000744c00000| Untracked 
|  23|0x0000000744d00000, 0x0000000744d00000, 0x0000000744e00000|  0%| F|  |TAMS 0x0000000744d00000, 0x0000000744d00000| Untracked 
|  24|0x0000000744e00000, 0x0000000744e00000, 0x0000000744f00000|  0%| F|  |TAMS 0x0000000744e00000, 0x0000000744e00000| Untracked 
|  25|0x0000000744f00000, 0x0000000744f00000, 0x0000000745000000|  0%| F|  |TAMS 0x0000000744f00000, 0x0000000744f00000| Untracked 
|  26|0x0000000745000000, 0x0000000745000000, 0x0000000745100000|  0%| F|  |TAMS 0x0000000745000000, 0x0000000745000000| Untracked 
|  27|0x0000000745100000, 0x0000000745100000, 0x0000000745200000|  0%| F|  |TAMS 0x0000000745100000, 0x0000000745100000| Untracked 
|  28|0x0000000745200000, 0x0000000745200000, 0x0000000745300000|  0%| F|  |TAMS 0x0000000745200000, 0x0000000745200000| Untracked 
|  29|0x0000000745300000, 0x0000000745300000, 0x0000000745400000|  0%| F|  |TAMS 0x0000000745300000, 0x0000000745300000| Untracked 
|  30|0x0000000745400000, 0x0000000745400000, 0x0000000745500000|  0%| F|  |TAMS 0x0000000745400000, 0x0000000745400000| Untracked 
|  31|0x0000000745500000, 0x0000000745500000, 0x0000000745600000|  0%| F|  |TAMS 0x0000000745500000, 0x0000000745500000| Untracked 
|  32|0x0000000745600000, 0x0000000745600000, 0x0000000745700000|  0%| F|  |TAMS 0x0000000745600000, 0x0000000745600000| Untracked 
|  33|0x0000000745700000, 0x0000000745700000, 0x0000000745800000|  0%| F|  |TAMS 0x0000000745700000, 0x0000000745700000| Untracked 
|  34|0x0000000745800000, 0x0000000745800000, 0x0000000745900000|  0%| F|  |TAMS 0x0000000745800000, 0x0000000745800000| Untracked 
|  35|0x0000000745900000, 0x0000000745900000, 0x0000000745a00000|  0%| F|  |TAMS 0x0000000745900000, 0x0000000745900000| Untracked 
|  36|0x0000000745a00000, 0x0000000745a00000, 0x0000000745b00000|  0%| F|  |TAMS 0x0000000745a00000, 0x0000000745a00000| Untracked 
|  37|0x0000000745b00000, 0x0000000745b00000, 0x0000000745c00000|  0%| F|  |TAMS 0x0000000745b00000, 0x0000000745b00000| Untracked 
|  38|0x0000000745c00000, 0x0000000745c00000, 0x0000000745d00000|  0%| F|  |TAMS 0x0000000745c00000, 0x0000000745c00000| Untracked 
|  39|0x0000000745d00000, 0x0000000745d00000, 0x0000000745e00000|  0%| F|  |TAMS 0x0000000745d00000, 0x0000000745d00000| Untracked 
|  40|0x0000000745e00000, 0x0000000745e00000, 0x0000000745f00000|  0%| F|  |TAMS 0x0000000745e00000, 0x0000000745e00000| Untracked 
|  41|0x0000000745f00000, 0x0000000745f00000, 0x0000000746000000|  0%| F|  |TAMS 0x0000000745f00000, 0x0000000745f00000| Untracked 
|  42|0x0000000746000000, 0x0000000746000000, 0x0000000746100000|  0%| F|  |TAMS 0x0000000746000000, 0x0000000746000000| Untracked 
|  43|0x0000000746100000, 0x0000000746100000, 0x0000000746200000|  0%| F|  |TAMS 0x0000000746100000, 0x0000000746100000| Untracked 
|  44|0x0000000746200000, 0x0000000746200000, 0x0000000746300000|  0%| F|  |TAMS 0x0000000746200000, 0x0000000746200000| Untracked 
|  45|0x0000000746300000, 0x0000000746300000, 0x0000000746400000|  0%| F|  |TAMS 0x0000000746300000, 0x0000000746300000| Untracked 
|  46|0x0000000746400000, 0x0000000746400000, 0x0000000746500000|  0%| F|  |TAMS 0x0000000746400000, 0x0000000746400000| Untracked 
|  47|0x0000000746500000, 0x0000000746500000, 0x0000000746600000|  0%| F|  |TAMS 0x0000000746500000, 0x0000000746500000| Untracked 
|  48|0x0000000746600000, 0x0000000746600000, 0x0000000746700000|  0%| F|  |TAMS 0x0000000746600000, 0x0000000746600000| Untracked 
|  49|0x0000000746700000, 0x0000000746700000, 0x0000000746800000|  0%| F|  |TAMS 0x0000000746700000, 0x0000000746700000| Untracked 
|  50|0x0000000746800000, 0x0000000746800000, 0x0000000746900000|  0%| F|  |TAMS 0x0000000746800000, 0x0000000746800000| Untracked 
|  51|0x0000000746900000, 0x0000000746900000, 0x0000000746a00000|  0%| F|  |TAMS 0x0000000746900000, 0x0000000746900000| Untracked 
|  52|0x0000000746a00000, 0x0000000746a00000, 0x0000000746b00000|  0%| F|  |TAMS 0x0000000746a00000, 0x0000000746a00000| Untracked 
|  53|0x0000000746b00000, 0x0000000746b00000, 0x0000000746c00000|  0%| F|  |TAMS 0x0000000746b00000, 0x0000000746b00000| Untracked 
|  54|0x0000000746c00000, 0x0000000746c00000, 0x0000000746d00000|  0%| F|  |TAMS 0x0000000746c00000, 0x0000000746c00000| Untracked 
|  55|0x0000000746d00000, 0x0000000746d00000, 0x0000000746e00000|  0%| F|  |TAMS 0x0000000746d00000, 0x0000000746d00000| Untracked 
|  56|0x0000000746e00000, 0x0000000746e00000, 0x0000000746f00000|  0%| F|  |TAMS 0x0000000746e00000, 0x0000000746e00000| Untracked 
|  57|0x0000000746f00000, 0x0000000746f00000, 0x0000000747000000|  0%| F|  |TAMS 0x0000000746f00000, 0x0000000746f00000| Untracked 
|  58|0x0000000747000000, 0x0000000747000000, 0x0000000747100000|  0%| F|  |TAMS 0x0000000747000000, 0x0000000747000000| Untracked 
|  59|0x0000000747100000, 0x0000000747100000, 0x0000000747200000|  0%| F|  |TAMS 0x0000000747100000, 0x0000000747100000| Untracked 
|  60|0x0000000747200000, 0x0000000747200000, 0x0000000747300000|  0%| F|  |TAMS 0x0000000747200000, 0x0000000747200000| Untracked 
|  61|0x0000000747300000, 0x0000000747300000, 0x0000000747400000|  0%| F|  |TAMS 0x0000000747300000, 0x0000000747300000| Untracked 
|  62|0x0000000747400000, 0x0000000747400000, 0x0000000747500000|  0%| F|  |TAMS 0x0000000747400000, 0x0000000747400000| Untracked 
|  63|0x0000000747500000, 0x0000000747500000, 0x0000000747600000|  0%| F|  |TAMS 0x0000000747500000, 0x0000000747500000| Untracked 
|  64|0x0000000747600000, 0x0000000747600000, 0x0000000747700000|  0%| F|  |TAMS 0x0000000747600000, 0x0000000747600000| Untracked 
|  65|0x0000000747700000, 0x0000000747700000, 0x0000000747800000|  0%| F|  |TAMS 0x0000000747700000, 0x0000000747700000| Untracked 
|  66|0x0000000747800000, 0x0000000747800000, 0x0000000747900000|  0%| F|  |TAMS 0x0000000747800000, 0x0000000747800000| Untracked 
|  67|0x0000000747900000, 0x0000000747900000, 0x0000000747a00000|  0%| F|  |TAMS 0x0000000747900000, 0x0000000747900000| Untracked 
|  68|0x0000000747a00000, 0x0000000747a00000, 0x0000000747b00000|  0%| F|  |TAMS 0x0000000747a00000, 0x0000000747a00000| Untracked 
|  69|0x0000000747b00000, 0x0000000747b00000, 0x0000000747c00000|  0%| F|  |TAMS 0x0000000747b00000, 0x0000000747b00000| Untracked 
|  70|0x0000000747c00000, 0x0000000747c00000, 0x0000000747d00000|  0%| F|  |TAMS 0x0000000747c00000, 0x0000000747c00000| Untracked 
|  71|0x0000000747d00000, 0x0000000747d00000, 0x0000000747e00000|  0%| F|  |TAMS 0x0000000747d00000, 0x0000000747d00000| Untracked 
|  72|0x0000000747e00000, 0x0000000747e00000, 0x0000000747f00000|  0%| F|  |TAMS 0x0000000747e00000, 0x0000000747e00000| Untracked 
|  73|0x0000000747f00000, 0x0000000747f00000, 0x0000000748000000|  0%| F|  |TAMS 0x0000000747f00000, 0x0000000747f00000| Untracked 
|  74|0x0000000748000000, 0x0000000748000000, 0x0000000748100000|  0%| F|  |TAMS 0x0000000748000000, 0x0000000748000000| Untracked 
|  75|0x0000000748100000, 0x0000000748100000, 0x0000000748200000|  0%| F|  |TAMS 0x0000000748100000, 0x0000000748100000| Untracked 
|  76|0x0000000748200000, 0x0000000748200000, 0x0000000748300000|  0%| F|  |TAMS 0x0000000748200000, 0x0000000748200000| Untracked 
|  77|0x0000000748300000, 0x0000000748300000, 0x0000000748400000|  0%| F|  |TAMS 0x0000000748300000, 0x0000000748300000| Untracked 
|  78|0x0000000748400000, 0x0000000748400000, 0x0000000748500000|  0%| F|  |TAMS 0x0000000748400000, 0x0000000748400000| Untracked 
|  79|0x0000000748500000, 0x0000000748500000, 0x0000000748600000|  0%| F|  |TAMS 0x0000000748500000, 0x0000000748500000| Untracked 
|  80|0x0000000748600000, 0x0000000748600000, 0x0000000748700000|  0%| F|  |TAMS 0x0000000748600000, 0x0000000748600000| Untracked 
|  81|0x0000000748700000, 0x0000000748700000, 0x0000000748800000|  0%| F|  |TAMS 0x0000000748700000, 0x0000000748700000| Untracked 
|  82|0x0000000748800000, 0x0000000748800000, 0x0000000748900000|  0%| F|  |TAMS 0x0000000748800000, 0x0000000748800000| Untracked 
|  83|0x0000000748900000, 0x0000000748900000, 0x0000000748a00000|  0%| F|  |TAMS 0x0000000748900000, 0x0000000748900000| Untracked 
|  84|0x0000000748a00000, 0x0000000748a00000, 0x0000000748b00000|  0%| F|  |TAMS 0x0000000748a00000, 0x0000000748a00000| Untracked 
|  85|0x0000000748b00000, 0x0000000748b00000, 0x0000000748c00000|  0%| F|  |TAMS 0x0000000748b00000, 0x0000000748b00000| Untracked 
|  86|0x0000000748c00000, 0x0000000748c00000, 0x0000000748d00000|  0%| F|  |TAMS 0x0000000748c00000, 0x0000000748c00000| Untracked 
|  87|0x0000000748d00000, 0x0000000748d00000, 0x0000000748e00000|  0%| F|  |TAMS 0x0000000748d00000, 0x0000000748d00000| Untracked 
|  88|0x0000000748e00000, 0x0000000748e00000, 0x0000000748f00000|  0%| F|  |TAMS 0x0000000748e00000, 0x0000000748e00000| Untracked 
|  89|0x0000000748f00000, 0x0000000748f00000, 0x0000000749000000|  0%| F|  |TAMS 0x0000000748f00000, 0x0000000748f00000| Untracked 
|  90|0x0000000749000000, 0x0000000749000000, 0x0000000749100000|  0%| F|  |TAMS 0x0000000749000000, 0x0000000749000000| Untracked 
|  91|0x0000000749100000, 0x0000000749100000, 0x0000000749200000|  0%| F|  |TAMS 0x0000000749100000, 0x0000000749100000| Untracked 
|  92|0x0000000749200000, 0x0000000749200000, 0x0000000749300000|  0%| F|  |TAMS 0x0000000749200000, 0x0000000749200000| Untracked 
|  93|0x0000000749300000, 0x0000000749300000, 0x0000000749400000|  0%| F|  |TAMS 0x0000000749300000, 0x0000000749300000| Untracked 
|  94|0x0000000749400000, 0x0000000749400000, 0x0000000749500000|  0%| F|  |TAMS 0x0000000749400000, 0x0000000749400000| Untracked 
|  95|0x0000000749500000, 0x0000000749500000, 0x0000000749600000|  0%| F|  |TAMS 0x0000000749500000, 0x0000000749500000| Untracked 
|  96|0x0000000749600000, 0x0000000749600000, 0x0000000749700000|  0%| F|  |TAMS 0x0000000749600000, 0x0000000749600000| Untracked 
|  97|0x0000000749700000, 0x0000000749700000, 0x0000000749800000|  0%| F|  |TAMS 0x0000000749700000, 0x0000000749700000| Untracked 
|  98|0x0000000749800000, 0x0000000749800000, 0x0000000749900000|  0%| F|  |TAMS 0x0000000749800000, 0x0000000749800000| Untracked 
|  99|0x0000000749900000, 0x0000000749900000, 0x0000000749a00000|  0%| F|  |TAMS 0x0000000749900000, 0x0000000749900000| Untracked 
| 100|0x0000000749a00000, 0x0000000749a00000, 0x0000000749b00000|  0%| F|  |TAMS 0x0000000749a00000, 0x0000000749a00000| Untracked 
| 101|0x0000000749b00000, 0x0000000749b00000, 0x0000000749c00000|  0%| F|  |TAMS 0x0000000749b00000, 0x0000000749b00000| Untracked 
| 102|0x0000000749c00000, 0x0000000749c00000, 0x0000000749d00000|  0%| F|  |TAMS 0x0000000749c00000, 0x0000000749c00000| Untracked 
| 103|0x0000000749d00000, 0x0000000749d00000, 0x0000000749e00000|  0%| F|  |TAMS 0x0000000749d00000, 0x0000000749d00000| Untracked 
| 104|0x0000000749e00000, 0x0000000749e00000, 0x0000000749f00000|  0%| F|  |TAMS 0x0000000749e00000, 0x0000000749e00000| Untracked 
| 105|0x0000000749f00000, 0x0000000749f00000, 0x000000074a000000|  0%| F|  |TAMS 0x0000000749f00000, 0x0000000749f00000| Untracked 
| 106|0x000000074a000000, 0x000000074a000000, 0x000000074a100000|  0%| F|  |TAMS 0x000000074a000000, 0x000000074a000000| Untracked 
| 107|0x000000074a100000, 0x000000074a100000, 0x000000074a200000|  0%| F|  |TAMS 0x000000074a100000, 0x000000074a100000| Untracked 
| 108|0x000000074a200000, 0x000000074a200000, 0x000000074a300000|  0%| F|  |TAMS 0x000000074a200000, 0x000000074a200000| Untracked 
| 109|0x000000074a300000, 0x000000074a300000, 0x000000074a400000|  0%| F|  |TAMS 0x000000074a300000, 0x000000074a300000| Untracked 
| 110|0x000000074a400000, 0x000000074a400000, 0x000000074a500000|  0%| F|  |TAMS 0x000000074a400000, 0x000000074a400000| Untracked 
| 111|0x000000074a500000, 0x000000074a500000, 0x000000074a600000|  0%| F|  |TAMS 0x000000074a500000, 0x000000074a500000| Untracked 
| 112|0x000000074a600000, 0x000000074a600000, 0x000000074a700000|  0%| F|  |TAMS 0x000000074a600000, 0x000000074a600000| Untracked 
| 113|0x000000074a700000, 0x000000074a700000, 0x000000074a800000|  0%| F|  |TAMS 0x000000074a700000, 0x000000074a700000| Untracked 
| 114|0x000000074a800000, 0x000000074a800000, 0x000000074a900000|  0%| F|  |TAMS 0x000000074a800000, 0x000000074a800000| Untracked 
| 115|0x000000074a900000, 0x000000074a900000, 0x000000074aa00000|  0%| F|  |TAMS 0x000000074a900000, 0x000000074a900000| Untracked 
| 116|0x000000074aa00000, 0x000000074aa00000, 0x000000074ab00000|  0%| F|  |TAMS 0x000000074aa00000, 0x000000074aa00000| Untracked 
| 117|0x000000074ab00000, 0x000000074ab00000, 0x000000074ac00000|  0%| F|  |TAMS 0x000000074ab00000, 0x000000074ab00000| Untracked 
| 118|0x000000074ac00000, 0x000000074ac00000, 0x000000074ad00000|  0%| F|  |TAMS 0x000000074ac00000, 0x000000074ac00000| Untracked 
| 119|0x000000074ad00000, 0x000000074ad00000, 0x000000074ae00000|  0%| F|  |TAMS 0x000000074ad00000, 0x000000074ad00000| Untracked 
| 120|0x000000074ae00000, 0x000000074ae00000, 0x000000074af00000|  0%| F|  |TAMS 0x000000074ae00000, 0x000000074ae00000| Untracked 
| 121|0x000000074af00000, 0x000000074af00000, 0x000000074b000000|  0%| F|  |TAMS 0x000000074af00000, 0x000000074af00000| Untracked 
| 122|0x000000074b000000, 0x000000074b000000, 0x000000074b100000|  0%| F|  |TAMS 0x000000074b000000, 0x000000074b000000| Untracked 
| 123|0x000000074b100000, 0x000000074b100000, 0x000000074b200000|  0%| F|  |TAMS 0x000000074b100000, 0x000000074b100000| Untracked 
| 124|0x000000074b200000, 0x000000074b200000, 0x000000074b300000|  0%| F|  |TAMS 0x000000074b200000, 0x000000074b200000| Untracked 
| 125|0x000000074b300000, 0x000000074b300000, 0x000000074b400000|  0%| F|  |TAMS 0x000000074b300000, 0x000000074b300000| Untracked 
| 126|0x000000074b400000, 0x000000074b400000, 0x000000074b500000|  0%| F|  |TAMS 0x000000074b400000, 0x000000074b400000| Untracked 
| 127|0x000000074b500000, 0x000000074b500000, 0x000000074b600000|  0%| F|  |TAMS 0x000000074b500000, 0x000000074b500000| Untracked 
| 128|0x000000074b600000, 0x000000074b600000, 0x000000074b700000|  0%| F|  |TAMS 0x000000074b600000, 0x000000074b600000| Untracked 
| 129|0x000000074b700000, 0x000000074b700000, 0x000000074b800000|  0%| F|  |TAMS 0x000000074b700000, 0x000000074b700000| Untracked 
| 130|0x000000074b800000, 0x000000074b800000, 0x000000074b900000|  0%| F|  |TAMS 0x000000074b800000, 0x000000074b800000| Untracked 
| 131|0x000000074b900000, 0x000000074b900000, 0x000000074ba00000|  0%| F|  |TAMS 0x000000074b900000, 0x000000074b900000| Untracked 
| 132|0x000000074ba00000, 0x000000074ba00000, 0x000000074bb00000|  0%| F|  |TAMS 0x000000074ba00000, 0x000000074ba00000| Untracked 
| 133|0x000000074bb00000, 0x000000074bb00000, 0x000000074bc00000|  0%| F|  |TAMS 0x000000074bb00000, 0x000000074bb00000| Untracked 
| 134|0x000000074bc00000, 0x000000074bc00000, 0x000000074bd00000|  0%| F|  |TAMS 0x000000074bc00000, 0x000000074bc00000| Untracked 
| 135|0x000000074bd00000, 0x000000074bd00000, 0x000000074be00000|  0%| F|  |TAMS 0x000000074bd00000, 0x000000074bd00000| Untracked 
| 136|0x000000074be00000, 0x000000074be00000, 0x000000074bf00000|  0%| F|  |TAMS 0x000000074be00000, 0x000000074be00000| Untracked 
| 137|0x000000074bf00000, 0x000000074bf00000, 0x000000074c000000|  0%| F|  |TAMS 0x000000074bf00000, 0x000000074bf00000| Untracked 
| 138|0x000000074c000000, 0x000000074c000000, 0x000000074c100000|  0%| F|  |TAMS 0x000000074c000000, 0x000000074c000000| Untracked 
| 139|0x000000074c100000, 0x000000074c100000, 0x000000074c200000|  0%| F|  |TAMS 0x000000074c100000, 0x000000074c100000| Untracked 
| 140|0x000000074c200000, 0x000000074c200000, 0x000000074c300000|  0%| F|  |TAMS 0x000000074c200000, 0x000000074c200000| Untracked 
| 141|0x000000074c300000, 0x000000074c300000, 0x000000074c400000|  0%| F|  |TAMS 0x000000074c300000, 0x000000074c300000| Untracked 
| 142|0x000000074c400000, 0x000000074c400000, 0x000000074c500000|  0%| F|  |TAMS 0x000000074c400000, 0x000000074c400000| Untracked 
| 143|0x000000074c500000, 0x000000074c500000, 0x000000074c600000|  0%| F|  |TAMS 0x000000074c500000, 0x000000074c500000| Untracked 
| 144|0x000000074c600000, 0x000000074c600000, 0x000000074c700000|  0%| F|  |TAMS 0x000000074c600000, 0x000000074c600000| Untracked 
| 145|0x000000074c700000, 0x000000074c700000, 0x000000074c800000|  0%| F|  |TAMS 0x000000074c700000, 0x000000074c700000| Untracked 
| 146|0x000000074c800000, 0x000000074c800000, 0x000000074c900000|  0%| F|  |TAMS 0x000000074c800000, 0x000000074c800000| Untracked 
| 147|0x000000074c900000, 0x000000074c900000, 0x000000074ca00000|  0%| F|  |TAMS 0x000000074c900000, 0x000000074c900000| Untracked 
| 148|0x000000074ca00000, 0x000000074ca00000, 0x000000074cb00000|  0%| F|  |TAMS 0x000000074ca00000, 0x000000074ca00000| Untracked 
| 149|0x000000074cb00000, 0x000000074cb00000, 0x000000074cc00000|  0%| F|  |TAMS 0x000000074cb00000, 0x000000074cb00000| Untracked 
| 150|0x000000074cc00000, 0x000000074cc00000, 0x000000074cd00000|  0%| F|  |TAMS 0x000000074cc00000, 0x000000074cc00000| Untracked 
| 151|0x000000074cd00000, 0x000000074cd00000, 0x000000074ce00000|  0%| F|  |TAMS 0x000000074cd00000, 0x000000074cd00000| Untracked 
| 152|0x000000074ce00000, 0x000000074ce00000, 0x000000074cf00000|  0%| F|  |TAMS 0x000000074ce00000, 0x000000074ce00000| Untracked 
| 153|0x000000074cf00000, 0x000000074cf00000, 0x000000074d000000|  0%| F|  |TAMS 0x000000074cf00000, 0x000000074cf00000| Untracked 
| 154|0x000000074d000000, 0x000000074d000000, 0x000000074d100000|  0%| F|  |TAMS 0x000000074d000000, 0x000000074d000000| Untracked 
| 155|0x000000074d100000, 0x000000074d100000, 0x000000074d200000|  0%| F|  |TAMS 0x000000074d100000, 0x000000074d100000| Untracked 
| 156|0x000000074d200000, 0x000000074d200000, 0x000000074d300000|  0%| F|  |TAMS 0x000000074d200000, 0x000000074d200000| Untracked 
| 157|0x000000074d300000, 0x000000074d300000, 0x000000074d400000|  0%| F|  |TAMS 0x000000074d300000, 0x000000074d300000| Untracked 
| 158|0x000000074d400000, 0x000000074d400000, 0x000000074d500000|  0%| F|  |TAMS 0x000000074d400000, 0x000000074d400000| Untracked 
| 159|0x000000074d500000, 0x000000074d500000, 0x000000074d600000|  0%| F|  |TAMS 0x000000074d500000, 0x000000074d500000| Untracked 
| 160|0x000000074d600000, 0x000000074d700000, 0x000000074d700000|100%| E|  |TAMS 0x000000074d600000, 0x000000074d600000| Complete 
| 161|0x000000074d700000, 0x000000074d7e01a8, 0x000000074d800000| 87%| S|CS|TAMS 0x000000074d700000, 0x000000074d700000| Complete 
| 162|0x000000074d800000, 0x000000074d900000, 0x000000074d900000|100%| S|CS|TAMS 0x000000074d800000, 0x000000074d800000| Complete 
| 163|0x000000074d900000, 0x000000074da00000, 0x000000074da00000|100%| E|CS|TAMS 0x000000074d900000, 0x000000074d900000| Complete 
| 164|0x000000074da00000, 0x000000074db00000, 0x000000074db00000|100%| E|CS|TAMS 0x000000074da00000, 0x000000074da00000| Complete 
| 165|0x000000074db00000, 0x000000074dc00000, 0x000000074dc00000|100%| E|CS|TAMS 0x000000074db00000, 0x000000074db00000| Complete 
| 166|0x000000074dc00000, 0x000000074dd00000, 0x000000074dd00000|100%| S|CS|TAMS 0x000000074dc00000, 0x000000074dc00000| Complete 
| 167|0x000000074dd00000, 0x000000074de00000, 0x000000074de00000|100%| S|CS|TAMS 0x000000074dd00000, 0x000000074dd00000| Complete 
| 168|0x000000074de00000, 0x000000074df00000, 0x000000074df00000|100%| S|CS|TAMS 0x000000074de00000, 0x000000074de00000| Complete 
| 169|0x000000074df00000, 0x000000074e000000, 0x000000074e000000|100%| S|CS|TAMS 0x000000074df00000, 0x000000074df00000| Complete 
| 170|0x000000074e000000, 0x000000074e100000, 0x000000074e100000|100%| E|CS|TAMS 0x000000074e000000, 0x000000074e000000| Complete 
| 171|0x000000074e100000, 0x000000074e200000, 0x000000074e200000|100%| E|CS|TAMS 0x000000074e100000, 0x000000074e100000| Complete 
| 172|0x000000074e200000, 0x000000074e300000, 0x000000074e300000|100%| E|CS|TAMS 0x000000074e200000, 0x000000074e200000| Complete 
| 173|0x000000074e300000, 0x000000074e400000, 0x000000074e400000|100%| E|CS|TAMS 0x000000074e300000, 0x000000074e300000| Complete 
| 174|0x000000074e400000, 0x000000074e500000, 0x000000074e500000|100%| E|CS|TAMS 0x000000074e400000, 0x000000074e400000| Complete 
| 175|0x000000074e500000, 0x000000074e600000, 0x000000074e600000|100%| E|CS|TAMS 0x000000074e500000, 0x000000074e500000| Complete 
| 176|0x000000074e600000, 0x000000074e700000, 0x000000074e700000|100%| E|CS|TAMS 0x000000074e600000, 0x000000074e600000| Complete 
| 177|0x000000074e700000, 0x000000074e800000, 0x000000074e800000|100%| E|CS|TAMS 0x000000074e700000, 0x000000074e700000| Complete 
| 178|0x000000074e800000, 0x000000074e900000, 0x000000074e900000|100%| E|CS|TAMS 0x000000074e800000, 0x000000074e800000| Complete 
| 179|0x000000074e900000, 0x000000074ea00000, 0x000000074ea00000|100%| E|CS|TAMS 0x000000074e900000, 0x000000074e900000| Complete 
| 180|0x000000074ea00000, 0x000000074eb00000, 0x000000074eb00000|100%| E|CS|TAMS 0x000000074ea00000, 0x000000074ea00000| Complete 
| 181|0x000000074eb00000, 0x000000074ec00000, 0x000000074ec00000|100%| E|CS|TAMS 0x000000074eb00000, 0x000000074eb00000| Complete 
| 182|0x000000074ec00000, 0x000000074ed00000, 0x000000074ed00000|100%| E|CS|TAMS 0x000000074ec00000, 0x000000074ec00000| Complete 
| 183|0x000000074ed00000, 0x000000074ee00000, 0x000000074ee00000|100%| E|CS|TAMS 0x000000074ed00000, 0x000000074ed00000| Complete 
| 184|0x000000074ee00000, 0x000000074ef00000, 0x000000074ef00000|100%| E|CS|TAMS 0x000000074ee00000, 0x000000074ee00000| Complete 
| 185|0x000000074ef00000, 0x000000074f000000, 0x000000074f000000|100%| E|CS|TAMS 0x000000074ef00000, 0x000000074ef00000| Complete 
| 186|0x000000074f000000, 0x000000074f100000, 0x000000074f100000|100%| E|CS|TAMS 0x000000074f000000, 0x000000074f000000| Complete 
| 187|0x000000074f100000, 0x000000074f200000, 0x000000074f200000|100%| E|CS|TAMS 0x000000074f100000, 0x000000074f100000| Complete 
| 188|0x000000074f200000, 0x000000074f300000, 0x000000074f300000|100%| E|CS|TAMS 0x000000074f200000, 0x000000074f200000| Complete 
| 189|0x000000074f300000, 0x000000074f400000, 0x000000074f400000|100%| E|CS|TAMS 0x000000074f300000, 0x000000074f300000| Complete 

Card table byte_map: [0x000001a2386f0000,0x000001a238ce0000] _byte_map_base: 0x000001a234cd5000

Marking Bits (Prev, Next): (CMBitMap*) 0x000001a2206e66b0, (CMBitMap*) 0x000001a2206e6678
 Prev Bits: [0x000001a23c200000, 0x000001a23f128000)
 Next Bits: [0x000001a2392d0000, 0x000001a23c1f8000)

Polling page: 0x000001a21fe70000

Metaspace:

Usage:
  Non-class:     21.41 MB capacity,    21.16 MB ( 99%) used,   213.37 KB ( <1%) free+waste,    40.06 KB ( <1%) overhead. 
      Class:      2.53 MB capacity,     2.42 MB ( 95%) used,    99.81 KB (  4%) free+waste,    17.25 KB ( <1%) overhead. 
       Both:     23.94 MB capacity,    23.58 MB ( 98%) used,   313.18 KB (  1%) free+waste,    57.31 KB ( <1%) overhead. 

Virtual space:
  Non-class space:       22.00 MB reserved,      21.50 MB ( 98%) committed 
      Class space:        1.00 GB reserved,       2.63 MB ( <1%) committed 
             Both:        1.02 GB reserved,      24.13 MB (  2%) committed 

Chunk freelists:
   Non-Class:  29.00 KB
       Class:  0 bytes
        Both:  29.00 KB

MaxMetaspaceSize: 17179869184.00 GB
CompressedClassSpaceSize: 1.00 GB
Initial GC threshold: 20.80 MB
Current GC threshold: 35.00 MB
CDS: off

CodeHeap 'non-profiled nmethods': size=120000Kb used=861Kb max_used=861Kb free=119138Kb
 bounds [0x000001a2308a0000, 0x000001a230b10000, 0x000001a237dd0000]
CodeHeap 'profiled nmethods': size=120000Kb used=4753Kb max_used=4753Kb free=115246Kb
 bounds [0x000001a229370000, 0x000001a229820000, 0x000001a2308a0000]
CodeHeap 'non-nmethods': size=5760Kb used=1214Kb max_used=1238Kb free=4545Kb
 bounds [0x000001a228dd0000, 0x000001a229040000, 0x000001a229370000]
 total_blobs=2896 nmethods=2421 adapters=387
 compilation: enabled
              stopped_count=0, restarted_count=0
 full_count=0

Compilation events (20 events):
Event: 1.147 Thread 0x000001a242516000 nmethod 2356 0x000001a2297f6710 code [0x000001a2297f68e0, 0x000001a2297f6d58]
Event: 1.150 Thread 0x000001a242514800 nmethod 2360 0x000001a23096f690 code [0x000001a23096f860, 0x000001a23096fd68]
Event: 1.150 Thread 0x000001a242514800 2348       4       java.lang.String::indexOf (7 bytes)
Event: 1.152 Thread 0x000001a242514800 nmethod 2348 0x000001a23096ff90 code [0x000001a230970120, 0x000001a2309702d8]
Event: 1.152 Thread 0x000001a242514800 2345       4       java.lang.CharacterDataLatin1::getProperties (11 bytes)
Event: 1.152 Thread 0x000001a242514800 nmethod 2345 0x000001a230970410 code [0x000001a2309705a0, 0x000001a230970638]
Event: 1.167 Thread 0x000001a242b13000 nmethod 2334% 0x000001a230970710 code [0x000001a2309709e0, 0x000001a230972e38]
Event: 1.180 Thread 0x000001a242516000 2361  s    1       java.lang.StringBuffer::length (5 bytes)
Event: 1.180 Thread 0x000001a242514800 2363       4       java.lang.String::checkIndex (46 bytes)
Event: 1.180 Thread 0x000001a242516000 nmethod 2361 0x000001a230974190 code [0x000001a230974340, 0x000001a230974578]
Event: 1.180 Thread 0x000001a242516000 2362       3       java.io.FilterOutputStream::<init> (21 bytes)
Event: 1.181 Thread 0x000001a242516000 nmethod 2362 0x000001a2297f6e90 code [0x000001a2297f7060, 0x000001a2297f7398]
Event: 1.181 Thread 0x000001a242b13000 2368       4       java.util.HashMap::put (13 bytes)
Event: 1.185 Thread 0x000001a242514800 nmethod 2363 0x000001a230974610 code [0x000001a2309747a0, 0x000001a230974818]
Event: 1.185 Thread 0x000001a242514800 2370       4       java.util.HashMap$HashIterator::<init> (79 bytes)
Event: 1.186 Thread 0x000001a242b13000 nmethod 2368 0x000001a230974910 code [0x000001a230974ac0, 0x000001a230974be8]
Event: 1.186 Thread 0x000001a242516000 2374       3       sun.security.ssl.SSLAlgorithmDecomposer::decomposes (236 bytes)
Event: 1.186 Thread 0x000001a242b13000 2381       4       java.util.AbstractCollection::addAll (42 bytes)
Event: 1.187 Thread 0x000001a242516000 nmethod 2374 0x000001a2297f7490 code [0x000001a2297f7860, 0x000001a2297f9b98]
Event: 1.187 Thread 0x000001a242516000 2373       3       sun.security.ssl.SSLAlgorithmDecomposer::decomposes (81 bytes)

GC Heap History (4 events):
Event: 0.452 GC heap before
{Heap before GC invocations=0 (full 0):
 garbage-first heap   total 194560K, used 24576K [0x0000000743600000, 0x0000000800000000)
  region size 1024K, 24 young (24576K), 0 survivors (0K)
 Metaspace       used 13368K, capacity 13572K, committed 13696K, reserved 1060864K
  class space    used 1310K, capacity 1362K, committed 1408K, reserved 1048576K
}
Event: 0.455 GC heap after
{Heap after GC invocations=1 (full 0):
 garbage-first heap   total 194560K, used 3388K [0x0000000743600000, 0x0000000800000000)
  region size 1024K, 3 young (3072K), 3 survivors (3072K)
 Metaspace       used 13368K, capacity 13572K, committed 13696K, reserved 1060864K
  class space    used 1310K, capacity 1362K, committed 1408K, reserved 1048576K
}
Event: 0.855 GC heap before
{Heap before GC invocations=1 (full 0):
 garbage-first heap   total 194560K, used 22844K [0x0000000743600000, 0x0000000800000000)
  region size 1024K, 23 young (23552K), 3 survivors (3072K)
 Metaspace       used 20801K, capacity 21096K, committed 21248K, reserved 1069056K
  class space    used 2066K, capacity 2202K, committed 2304K, reserved 1048576K
}
Event: 0.859 GC heap after
{Heap after GC invocations=2 (full 0):
 garbage-first heap   total 194560K, used 6332K [0x0000000743600000, 0x0000000800000000)
  region size 1024K, 6 young (6144K), 6 survivors (6144K)
 Metaspace       used 20801K, capacity 21096K, committed 21248K, reserved 1069056K
  class space    used 2066K, capacity 2202K, committed 2304K, reserved 1048576K
}

Deoptimization events (20 events):
Event: 1.141 Thread 0x000001a243169800 Uncommon trap: trap_request=0xffffff4d fr.pc=0x000001a230956a14 relative=0x0000000000000234
Event: 1.141 Thread 0x000001a243168800 Uncommon trap: trap_request=0xffffff4d fr.pc=0x000001a230956a14 relative=0x0000000000000234
Event: 1.141 Thread 0x000001a2436fb000 Uncommon trap: trap_request=0xffffff4d fr.pc=0x000001a230956a14 relative=0x0000000000000234
Event: 1.141 Thread 0x000001a243161000 Uncommon trap: trap_request=0xffffff4d fr.pc=0x000001a230956a14 relative=0x0000000000000234
Event: 1.141 Thread 0x000001a2436fa000 Uncommon trap: trap_request=0xffffff4d fr.pc=0x000001a230956a14 relative=0x0000000000000234
Event: 1.141 Thread 0x000001a243168800 Uncommon trap: reason=unstable_if action=reinterpret pc=0x000001a230956a14 method=java.lang.ThreadLocal.get()Ljava/lang/Object; @ 11 c2
Event: 1.141 Thread 0x000001a243169800 Uncommon trap: reason=unstable_if action=reinterpret pc=0x000001a230956a14 method=java.lang.ThreadLocal.get()Ljava/lang/Object; @ 11 c2
Event: 1.141 Thread 0x000001a2436fb000 Uncommon trap: reason=unstable_if action=reinterpret pc=0x000001a230956a14 method=java.lang.ThreadLocal.get()Ljava/lang/Object; @ 11 c2
Event: 1.141 Thread 0x000001a243168800 DEOPT PACKING pc=0x000001a230956a14 sp=0x0000008a5b8fe700
Event: 1.141 Thread 0x000001a243161000 Uncommon trap: reason=unstable_if action=reinterpret pc=0x000001a230956a14 method=java.lang.ThreadLocal.get()Ljava/lang/Object; @ 11 c2
Event: 1.141 Thread 0x000001a243169800 DEOPT PACKING pc=0x000001a230956a14 sp=0x0000008a5b9fe650
Event: 1.141 Thread 0x000001a2436fa000 Uncommon trap: reason=unstable_if action=reinterpret pc=0x000001a230956a14 method=java.lang.ThreadLocal.get()Ljava/lang/Object; @ 11 c2
Event: 1.141 Thread 0x000001a243168800 DEOPT UNPACKING pc=0x000001a228dd85af sp=0x0000008a5b8fe6b8 mode 2
Event: 1.141 Thread 0x000001a243169800 DEOPT UNPACKING pc=0x000001a228dd85af sp=0x0000008a5b9fe608 mode 2
Event: 1.141 Thread 0x000001a2436fb000 DEOPT PACKING pc=0x000001a230956a14 sp=0x0000008a5bbfe850
Event: 1.141 Thread 0x000001a243161000 DEOPT PACKING pc=0x000001a230956a14 sp=0x0000008a5b7fe600
Event: 1.141 Thread 0x000001a2436fa000 DEOPT PACKING pc=0x000001a230956a14 sp=0x0000008a5bafe600
Event: 1.141 Thread 0x000001a243161000 DEOPT UNPACKING pc=0x000001a228dd85af sp=0x0000008a5b7fe5b8 mode 2
Event: 1.141 Thread 0x000001a2436fa000 DEOPT UNPACKING pc=0x000001a228dd85af sp=0x0000008a5bafe5b8 mode 2
Event: 1.141 Thread 0x000001a2436fb000 DEOPT UNPACKING pc=0x000001a228dd85af sp=0x0000008a5bbfe808 mode 2

Classes redefined (0 events):
No events

Internal exceptions (20 events):
Event: 0.630 Thread 0x000001a220692800 Exception <a 'sun/nio/fs/WindowsException'{0x000000074e976b90}> (0x000000074e976b90) thrown at [./src/hotspot/share/prims/jni.cpp, line 616]
Event: 0.631 Thread 0x000001a220692800 Exception <a 'sun/nio/fs/WindowsException'{0x000000074e977d78}> (0x000000074e977d78) thrown at [./src/hotspot/share/prims/jni.cpp, line 616]
Event: 0.631 Thread 0x000001a220692800 Exception <a 'sun/nio/fs/WindowsException'{0x000000074e978188}> (0x000000074e978188) thrown at [./src/hotspot/share/prims/jni.cpp, line 616]
Event: 0.641 Thread 0x000001a220692800 Exception <a 'java/lang/NoSuchMethodError'{0x000000074e9fe3f0}: 'int java.lang.invoke.DirectMethodHandle$Holder.invokeSpecialIFC(java.lang.Object, java.lang.Object, int)'> (0x000000074e9fe3f0) thrown at [./src/hotspot/share/interpreter/linkResolver.cpp, line 773]
Event: 0.671 Thread 0x000001a220692800 Exception <a 'java/lang/NoSuchMethodError'{0x000000074e70e778}: 'java.lang.Object java.lang.invoke.DirectMethodHandle$Holder.invokeStaticInit(java.lang.Object, int, int, int, int)'> (0x000000074e70e778) thrown at [./src/hotspot/share/interpreter/linkResolver.cpp, line 773]
Event: 0.672 Thread 0x000001a220692800 Exception <a 'sun/nio/fs/WindowsException'{0x000000074e714d70}> (0x000000074e714d70) thrown at [./src/hotspot/share/prims/jni.cpp, line 616]
Event: 0.676 Thread 0x000001a220692800 Exception <a 'java/lang/NoSuchMethodError'{0x000000074e733858}: 'int java.lang.invoke.DirectMethodHandle$Holder.invokeStaticInit(java.lang.Object, java.lang.Object, java.lang.Object, java.lang.Object)'> (0x000000074e733858) thrown at [./src/hotspot/share/interpreter/linkResolver.cpp, line 773]
Event: 0.677 Thread 0x000001a220692800 Exception <a 'java/lang/IncompatibleClassChangeError'{0x000000074e73cac8}: Found class java.lang.Object, but interface was expected> (0x000000074e73cac8) thrown at [./src/hotspot/share/interpreter/linkResolver.cpp, line 839]
Event: 0.677 Thread 0x000001a220692800 Exception <a 'java/lang/NoSuchMethodError'{0x000000074e73f918}: 'void java.lang.invoke.DirectMethodHandle$Holder.invokeStaticInit(java.lang.Object, java.lang.Object)'> (0x000000074e73f918) thrown at [./src/hotspot/share/interpreter/linkResolver.cpp, line 773]
Event: 0.677 Thread 0x000001a220692800 Exception <a 'java/lang/NoSuchMethodError'{0x000000074e744e08}: 'int java.lang.invoke.DirectMethodHandle$Holder.invokeStaticInit(java.lang.Object, java.lang.Object)'> (0x000000074e744e08) thrown at [./src/hotspot/share/interpreter/linkResolver.cpp, line 773]
Event: 0.835 Thread 0x000001a220692800 Exception <a 'java/lang/NoSuchMethodError'{0x000000074e018e88}: 'java.lang.Object java.lang.invoke.DirectMethodHandle$Holder.invokeStaticInit(java.lang.Object, java.lang.Object, int, int, int, int)'> (0x000000074e018e88) thrown at [./src/hotspot/share/interpreter/linkResolver.cpp, line 773]
Event: 1.134 Thread 0x000001a220692800 Exception <a 'sun/nio/fs/WindowsException'{0x000000074ec180a0}> (0x000000074ec180a0) thrown at [./src/hotspot/share/prims/jni.cpp, line 616]
Event: 1.135 Thread 0x000001a220692800 Exception <a 'java/lang/NoSuchMethodError'{0x000000074ec18dd8}: 'int java.lang.invoke.DirectMethodHandle$Holder.invokeInterface(java.lang.Object, java.lang.Object)'> (0x000000074ec18dd8) thrown at [./src/hotspot/share/interpreter/linkResolver.cpp, line 773]
Event: 1.136 Thread 0x000001a220692800 Exception <a 'java/lang/NoSuchMethodError'{0x000000074ec223d8}: 'void java.lang.invoke.DirectMethodHandle$Holder.invokeStatic(java.lang.Object, int, java.lang.Object)'> (0x000000074ec223d8) thrown at [./src/hotspot/share/interpreter/linkResolver.cpp, line 773]
Event: 1.139 Thread 0x000001a220692800 Exception <a 'java/lang/NoSuchMethodError'{0x000000074ec33ff8}: 'java.lang.Object java.lang.invoke.Invokers$Holder.linkToTargetMethod(java.lang.Object, java.lang.Object, java.lang.Object, java.lang.Object, java.lang.Object, java.lang.Object)'> (0x000000074ec33ff8) thrown at [./src/hotspot/share/interpreter/linkResolver.cpp, line 773]
Event: 1.141 Thread 0x000001a243169800 Implicit null exception at 0x000001a230956828 to 0x000001a230956a00
Event: 1.141 Thread 0x000001a243168800 Implicit null exception at 0x000001a230956828 to 0x000001a230956a00
Event: 1.141 Thread 0x000001a243161000 Implicit null exception at 0x000001a230956828 to 0x000001a230956a00
Event: 1.141 Thread 0x000001a2436fb000 Implicit null exception at 0x000001a230956828 to 0x000001a230956a00
Event: 1.141 Thread 0x000001a2436fa000 Implicit null exception at 0x000001a230956828 to 0x000001a230956a00

Events (20 events):
Event: 1.143 Executing VM operation: RevokeBias
Event: 1.143 Executing VM operation: RevokeBias done
Event: 1.143 Executing VM operation: RevokeBias
Event: 1.143 Executing VM operation: RevokeBias done
Event: 1.143 Executing VM operation: RevokeBias
Event: 1.143 Executing VM operation: RevokeBias done
Event: 1.143 Executing VM operation: RevokeBias
Event: 1.143 Executing VM operation: RevokeBias done
Event: 1.143 Executing VM operation: RevokeBias
Event: 1.143 Executing VM operation: RevokeBias done
Event: 1.184 Executing VM operation: RevokeBias
Event: 1.185 Executing coalesced safepoint VM operation: RevokeBias
Event: 1.185 Executing coalesced safepoint VM operation: RevokeBias done
Event: 1.185 Executing coalesced safepoint VM operation: RevokeBias
Event: 1.185 Executing coalesced safepoint VM operation: RevokeBias done
Event: 1.185 Executing VM operation: RevokeBias done
Event: 1.186 Executing VM operation: RevokeBias
Event: 1.186 Executing coalesced safepoint VM operation: RevokeBias
Event: 1.186 Executing coalesced safepoint VM operation: RevokeBias done
Event: 1.186 Executing VM operation: RevokeBias done


Dynamic libraries:
0x00007ff747000000 - 0x00007ff74700d000 	D:\Program Files\Unity\Hub\Editor\2023.1.19f1\Editor\Data\PlaybackEngines\AndroidPlayer\OpenJDK\bin\java.exe
0x00007ffbaa970000 - 0x00007ffbaab68000 	C:\Windows\SYSTEM32\ntdll.dll
0x00007ffb7f6f0000 - 0x00007ffb7f709000 	C:\Program Files\Avast Software\Avast\aswhook.dll
0x00007ffba8a30000 - 0x00007ffba8aed000 	C:\Windows\System32\KERNEL32.DLL
0x00007ffba85c0000 - 0x00007ffba8893000 	C:\Windows\System32\KERNELBASE.dll
0x00007ffba82d0000 - 0x00007ffba83d0000 	C:\Windows\System32\ucrtbase.dll
0x00007ffb8f680000 - 0x00007ffb8f695000 	D:\Program Files\Unity\Hub\Editor\2023.1.19f1\Editor\Data\PlaybackEngines\AndroidPlayer\OpenJDK\bin\VCRUNTIME140.dll
0x00007ffb8f6a0000 - 0x00007ffb8f6b7000 	D:\Program Files\Unity\Hub\Editor\2023.1.19f1\Editor\Data\PlaybackEngines\AndroidPlayer\OpenJDK\bin\jli.dll
0x00007ffbaa790000 - 0x00007ffbaa92e000 	C:\Windows\System32\USER32.dll
0x00007ffba80e0000 - 0x00007ffba8102000 	C:\Windows\System32\win32u.dll
0x00007ffba9e00000 - 0x00007ffba9e2c000 	C:\Windows\System32\GDI32.dll
0x00007ffb8e170000 - 0x00007ffb8e40a000 	C:\Windows\WinSxS\amd64_microsoft.windows.common-controls_6595b64144ccf1df_6.0.19041.1110_none_60b5254171f9507e\COMCTL32.dll
0x00007ffba81b0000 - 0x00007ffba82c4000 	C:\Windows\System32\gdi32full.dll
0x00007ffba94d0000 - 0x00007ffba956e000 	C:\Windows\System32\msvcrt.dll
0x00007ffba8110000 - 0x00007ffba81ad000 	C:\Windows\System32\msvcp_win.dll
0x00007ffba9850000 - 0x00007ffba9880000 	C:\Windows\System32\IMM32.DLL
0x00007ffb43640000 - 0x00007ffb436db000 	D:\Program Files\Unity\Hub\Editor\2023.1.19f1\Editor\Data\PlaybackEngines\AndroidPlayer\OpenJDK\bin\msvcp140.dll
0x00007ffaa2c30000 - 0x00007ffaa37b1000 	D:\Program Files\Unity\Hub\Editor\2023.1.19f1\Editor\Data\PlaybackEngines\AndroidPlayer\OpenJDK\bin\server\jvm.dll
0x00007ffba9390000 - 0x00007ffba943e000 	C:\Windows\System32\ADVAPI32.dll
0x00007ffba92f0000 - 0x00007ffba938c000 	C:\Windows\System32\sechost.dll
0x00007ffba8b20000 - 0x00007ffba8c45000 	C:\Windows\System32\RPCRT4.dll
0x00007ffba8d60000 - 0x00007ffba8d68000 	C:\Windows\System32\PSAPI.DLL
0x00007ffb8ea20000 - 0x00007ffb8ea29000 	C:\Windows\SYSTEM32\WSOCK32.dll
0x00007ffb9a070000 - 0x00007ffb9a097000 	C:\Windows\SYSTEM32\WINMM.dll
0x00007ffb9c880000 - 0x00007ffb9c88a000 	C:\Windows\SYSTEM32\VERSION.dll
0x00007ffbaa580000 - 0x00007ffbaa5eb000 	C:\Windows\System32\WS2_32.dll
0x00007ffba68c0000 - 0x00007ffba68d2000 	C:\Windows\SYSTEM32\kernel.appcore.dll
0x00007ffba4670000 - 0x00007ffba4680000 	D:\Program Files\Unity\Hub\Editor\2023.1.19f1\Editor\Data\PlaybackEngines\AndroidPlayer\OpenJDK\bin\verify.dll
0x00007ffba5c50000 - 0x00007ffba5e34000 	C:\Windows\SYSTEM32\DBGHELP.DLL
0x00007ffb960f0000 - 0x00007ffb9611c000 	C:\Windows\SYSTEM32\dbgcore.DLL
0x00007ffba83d0000 - 0x00007ffba8452000 	C:\Windows\System32\bcryptPrimitives.dll
0x00007ffb6a5a0000 - 0x00007ffb6a5c8000 	D:\Program Files\Unity\Hub\Editor\2023.1.19f1\Editor\Data\PlaybackEngines\AndroidPlayer\OpenJDK\bin\java.dll
0x00007ffb8d9c0000 - 0x00007ffb8d9ca000 	D:\Program Files\Unity\Hub\Editor\2023.1.19f1\Editor\Data\PlaybackEngines\AndroidPlayer\OpenJDK\bin\jimage.dll
0x00007ffb8d300000 - 0x00007ffb8d318000 	D:\Program Files\Unity\Hub\Editor\2023.1.19f1\Editor\Data\PlaybackEngines\AndroidPlayer\OpenJDK\bin\zip.dll
0x00007ffba9e30000 - 0x00007ffbaa573000 	C:\Windows\System32\SHELL32.dll
0x00007ffba6080000 - 0x00007ffba6814000 	C:\Windows\SYSTEM32\windows.storage.dll
0x00007ffba8f80000 - 0x00007ffba92d4000 	C:\Windows\System32\combase.dll
0x00007ffba7ad0000 - 0x00007ffba7b00000 	C:\Windows\SYSTEM32\Wldp.dll
0x00007ffba9d50000 - 0x00007ffba9dfd000 	C:\Windows\System32\SHCORE.dll
0x00007ffba9cf0000 - 0x00007ffba9d45000 	C:\Windows\System32\shlwapi.dll
0x00007ffba7fb0000 - 0x00007ffba7fcf000 	C:\Windows\SYSTEM32\profapi.dll
0x00007ffb8d0d0000 - 0x00007ffb8d0e9000 	D:\Program Files\Unity\Hub\Editor\2023.1.19f1\Editor\Data\PlaybackEngines\AndroidPlayer\OpenJDK\bin\net.dll
0x00007ffb9ef80000 - 0x00007ffb9f08d000 	C:\Windows\SYSTEM32\WINHTTP.dll
0x00007ffba77c0000 - 0x00007ffba782a000 	C:\Windows\system32\mswsock.dll
0x00007ffb81c90000 - 0x00007ffb81ca3000 	D:\Program Files\Unity\Hub\Editor\2023.1.19f1\Editor\Data\PlaybackEngines\AndroidPlayer\OpenJDK\bin\nio.dll
0x00007ffb8a0c0000 - 0x00007ffb8a0ce000 	D:\Program Files\Unity\Hub\Editor\2023.1.19f1\Editor\Data\PlaybackEngines\AndroidPlayer\OpenJDK\bin\sunmscapi.dll
0x00007ffba8460000 - 0x00007ffba85b6000 	C:\Windows\System32\CRYPT32.dll
0x00007ffba7b40000 - 0x00007ffba7b67000 	C:\Windows\SYSTEM32\ncrypt.dll
0x00007ffba7b00000 - 0x00007ffba7b3b000 	C:\Windows\SYSTEM32\NTASN1.dll
0x00007ffb5cb30000 - 0x00007ffb5cb55000 	D:\Program Files\Unity\Hub\Editor\2023.1.19f1\Editor\Data\PlaybackEngines\AndroidPlayer\OpenJDK\bin\sunec.dll
0x00007ffba79b0000 - 0x00007ffba79c8000 	C:\Windows\SYSTEM32\CRYPTSP.dll
0x00007ffba7070000 - 0x00007ffba70a4000 	C:\Windows\system32\rsaenh.dll
0x00007ffba88f0000 - 0x00007ffba8917000 	C:\Windows\System32\bcrypt.dll
0x00007ffba7f30000 - 0x00007ffba7f5e000 	C:\Windows\SYSTEM32\USERENV.dll
0x00007ffba79d0000 - 0x00007ffba79dc000 	C:\Windows\SYSTEM32\CRYPTBASE.dll
0x00007ffba74b0000 - 0x00007ffba74eb000 	C:\Windows\SYSTEM32\IPHLPAPI.DLL
0x00007ffba92e0000 - 0x00007ffba92e8000 	C:\Windows\System32\NSI.dll
0x00007ffb950d0000 - 0x00007ffb950e7000 	C:\Windows\SYSTEM32\dhcpcsvc6.DLL
0x00007ffb9c760000 - 0x00007ffb9c77d000 	C:\Windows\SYSTEM32\dhcpcsvc.DLL
0x00007ffba74f0000 - 0x00007ffba75ba000 	C:\Windows\SYSTEM32\DNSAPI.dll
0x00007ffb9c750000 - 0x00007ffb9c75a000 	C:\Windows\System32\rasadhlp.dll
0x00007ffb992f0000 - 0x00007ffb99370000 	C:\Windows\System32\fwpuclnt.dll

dbghelp: loaded successfully - version: 4.0.5 - missing functions: none
symbol engine: initialized successfully - sym options: 0x614 - pdb path: .;D:\Program Files\Unity\Hub\Editor\2023.1.19f1\Editor\Data\PlaybackEngines\AndroidPlayer\OpenJDK\bin;C:\Windows\SYSTEM32;C:\Program Files\Avast Software\Avast;C:\Windows\WinSxS\amd64_microsoft.windows.common-controls_6595b64144ccf1df_6.0.19041.1110_none_60b5254171f9507e;D:\Program Files\Unity\Hub\Editor\2023.1.19f1\Editor\Data\PlaybackEngines\AndroidPlayer\OpenJDK\bin\server

VM Arguments:
jvm_args: -Dcom.android.sdklib.toolsdir=D:\Program Files\Unity\Hub\Editor\2023.1.19f1\Editor\Data\PlaybackEngines\AndroidPlayer\SDK\cmdline-tools\6.0\bin\\.. 
java_command: com.android.sdklib.tool.sdkmanager.SdkManagerCli --list
java_class_path (initial): D:\Program Files\Unity\Hub\Editor\2023.1.19f1\Editor\Data\PlaybackEngines\AndroidPlayer\SDK\cmdline-tools\6.0\bin\..\lib\sdkmanager-classpath.jar
Launcher Type: SUN_STANDARD

[Global flags]
     intx CICompilerCount                          = 4                                         {product} {ergonomic}
     uint ConcGCThreads                            = 2                                         {product} {ergonomic}
     uint G1ConcRefinementThreads                  = 8                                         {product} {ergonomic}
   size_t G1HeapRegionSize                         = 1048576                                   {product} {ergonomic}
    uintx GCDrainStackTargetSize                   = 64                                        {product} {ergonomic}
   size_t InitialHeapSize                          = 199229440                                 {product} {ergonomic}
   size_t MarkStackSize                            = 4194304                                   {product} {ergonomic}
   size_t MaxHeapSize                              = 3164602368                                {product} {ergonomic}
   size_t MaxNewSize                               = 1897922560                                {product} {ergonomic}
   size_t MinHeapDeltaBytes                        = 1048576                                   {product} {ergonomic}
    uintx NonNMethodCodeHeapSize                   = 5836300                                {pd product} {ergonomic}
    uintx NonProfiledCodeHeapSize                  = 122910970                              {pd product} {ergonomic}
    uintx ProfiledCodeHeapSize                     = 122910970                              {pd product} {ergonomic}
    uintx ReservedCodeCacheSize                    = 251658240                              {pd product} {ergonomic}
     bool SegmentedCodeCache                       = true                                      {product} {ergonomic}
     bool UseCompressedClassPointers               = true                                 {lp64_product} {ergonomic}
     bool UseCompressedOops                        = true                                 {lp64_product} {ergonomic}
     bool UseG1GC                                  = true                                      {product} {ergonomic}
     bool UseLargePagesIndividualAllocation        = false                                  {pd product} {ergonomic}

Logging:
Log output configuration:
 #0: stdout all=warning uptime,level,tags
 #1: stderr all=off uptime,level,tags

Environment Variables:
JAVA_HOME=D:\Program Files\Unity\Hub\Editor\2023.1.19f1\Editor\Data\PlaybackEngines\AndroidPlayer\OpenJDK
CLASSPATH=D:\Program Files\Unity\Hub\Editor\2023.1.19f1\Editor\Data\PlaybackEngines\AndroidPlayer\SDK\cmdline-tools\6.0\bin\..\lib\sdkmanager-classpath.jar
PATH=C:\Program Files (x86)\Common Files\Oracle\Java\javapath;C:\ProgramData\Oracle\Java\javapath;C:\Windows\system32;C:\Windows;C:\Windows\System32\Wbem;C:\Windows\System32\WindowsPowerShell\v1.0\;C:\Windows\System32\OpenSSH\;C:\Program Files\CodeBlocks\MinGW\bin;C:\Program Files\Git\cmd;C:\ProgramData\chocolatey\bin;C:\Program Files\nodejs\;C:\Program Files\Git LFS;C:\Program Files\dotnet\;D:\Program Files\Git LFS;C:\Users\Advanced Rubakha\AppData\Local\Microsoft\WindowsApps;
USERNAME=Advanced Rubakha
OS=Windows_NT
PROCESSOR_IDENTIFIER=Intel64 Family 6 Model 140 Stepping 2, GenuineIntel



---------------  S Y S T E M  ---------------

OS: Windows 10 , 64 bit Build 19041 (10.0.19041.1889)
OS uptime: 0 days 4:03 hours

CPU:total 8 (initial active 8) (4 cores per cpu, 2 threads per core) family 6 model 140 stepping 2 microcode 0x16, cmov, cx8, fxsr, mmx, sse, sse2, sse3, ssse3, sse4.1, sse4.2, popcnt, avx, avx2, aes, clmul, erms, 3dnowpref, lzcnt, ht, tsc, tscinvbit, bmi1, bmi2, adx, evex, sha, fma

Memory: 4k page, system-wide physical 12067M (481M free)
TotalPageFile size 26366M (AvailPageFile size 1M)
current process WorkingSet (physical memory assigned to process): 105M, peak: 105M
current process commit charge ("private bytes"): 305M, peak: 306M

vm_info: OpenJDK 64-Bit Server VM (11.0.14.1+1) for windows-amd64 JRE (11.0.14.1+1), built on Feb  9 2022 01:48:27 by "" with unknown MS VC++:1916

END.
