#
# There is insufficient memory for the Java Runtime Environment to continue.
# Native memory allocation (mmap) failed to map 199229440 bytes for Failed to commit area from 0x0000000743600000 to 0x000000074f400000 of length 199229440.
# Possible reasons:
#   The system is out of physical RAM or swap space
#   The process is running with CompressedOops enabled, and the Java Heap may be blocking the growth of the native heap
# Possible solutions:
#   Reduce memory load on the system
#   Increase physical memory or swap space
#   Check if swap backing store is full
#   Decrease Java heap size (-Xmx/-Xms)
#   Decrease number of Java threads
#   Decrease Java thread stack sizes (-Xss)
#   Set larger code cache with -XX:ReservedCodeCacheSize=
# This output file may be truncated or incomplete.
#
#  Out of Memory Error (./src/hotspot/os/windows/os_windows.cpp:3387), pid=25604, tid=18676
#
# JRE version:  (11.0.14.1+1) (build )
# Java VM: OpenJDK 64-Bit Server VM (11.0.14.1+1, mixed mode, sharing, tiered, compressed oops, g1 gc, windows-amd64)
# No core dump will be written. Minidumps are not enabled by default on client versions of Windows
#

---------------  S U M M A R Y ------------

Command Line: 

Host: 11th Gen Intel(R) Core(TM) i7-1195G7 @ 2.90GHz, 8 cores, 11G,  Windows 10 , 64 bit Build 19041 (10.0.19041.1889)
Time: Wed Jan 24 22:26:01 2024 FLE Standard Time elapsed time: 0.043059 seconds (0d 0h 0m 0s)

---------------  T H R E A D  ---------------

Current thread (0x0000021113895800):  JavaThread "Unknown thread" [_thread_in_vm, id=18676, stack(0x000000cd7fa00000,0x000000cd7fb00000)]

Stack: [0x000000cd7fa00000,0x000000cd7fb00000]
Native frames: (J=compiled Java code, j=interpreted, Vv=VM code, C=native code)
V  [jvm.dll+0x61e59a]
V  [jvm.dll+0x7aaca9]
V  [jvm.dll+0x7ac398]
V  [jvm.dll+0x7aca73]
V  [jvm.dll+0x24f9b8]
V  [jvm.dll+0x61b83a]
V  [jvm.dll+0x6100c5]
V  [jvm.dll+0x30772c]
V  [jvm.dll+0x3075b2]
V  [jvm.dll+0x30c2d6]
V  [jvm.dll+0x35272f]
V  [jvm.dll+0x352160]
V  [jvm.dll+0x2e4728]
V  [jvm.dll+0x2e5886]
V  [jvm.dll+0x784b07]
V  [jvm.dll+0x78628f]
V  [jvm.dll+0x35f479]
V  [jvm.dll+0x767aa0]
V  [jvm.dll+0x3ccf1f]
V  [jvm.dll+0x3cf2b1]
C  [jli.dll+0x5207]
C  [ucrtbase.dll+0x21bb2]
C  [KERNEL32.DLL+0x17034]
C  [ntdll.dll+0x526a1]


---------------  P R O C E S S  ---------------

Threads class SMR info:
_java_thread_list=0x00000211117c5c80, length=0, elements={
}

Java Threads: ( => current thread )

Other Threads:
  0x00000211138ac800 GCTaskThread "GC Thread#0" [stack: 0x000000cd7fb00000,0x000000cd7fc00000] [id=29104]
  0x00000211138f5800 ConcurrentGCThread "G1 Main Marker" [stack: 0x000000cd7fc00000,0x000000cd7fd00000] [id=18236]
  0x00000211138f7000 ConcurrentGCThread "G1 Conc#0" [stack: 0x000000cd7fd00000,0x000000cd7fe00000] [id=30040]

[error occurred during error reporting (printing all threads), id 0xc0000005, EXCEPTION_ACCESS_VIOLATION (0xc0000005) at pc=0x00007ffe84cd3ef7]

VM state:not at safepoint (not fully initialized)

VM Mutex/Monitor currently owned by a thread:  ([mutex/lock_event])
[0x0000021113891630] Heap_lock - owner thread: 0x0000021113895800

Heap address: 0x0000000743600000, size: 3018 MB, Compressed Oops mode: Non-zero based: 0x0000000743600000
Narrow klass base: 0x0000000000000000, Narrow klass shift: 0

GC Heap History (0 events):
No events

Deoptimization events (0 events):
No events

Classes redefined (0 events):
No events

Internal exceptions (0 events):
No events

Events (1 events):
Event: 0.022 Loaded shared library D:\Program Files\Unity\Hub\Editor\2023.1.19f1\Editor\Data\PlaybackEngines\AndroidPlayer\OpenJDK\bin\zip.dll


Dynamic libraries:
0x00007ff703530000 - 0x00007ff70353d000 	D:\Program Files\Unity\Hub\Editor\2023.1.19f1\Editor\Data\PlaybackEngines\AndroidPlayer\OpenJDK\bin\java.exe
0x00007fff2a5d0000 - 0x00007fff2a7c8000 	C:\Windows\SYSTEM32\ntdll.dll
0x00007ffef0600000 - 0x00007ffef0619000 	C:\Program Files\Avast Software\Avast\aswhook.dll
0x00007fff29cd0000 - 0x00007fff29d8d000 	C:\Windows\System32\KERNEL32.DLL
0x00007fff28350000 - 0x00007fff28623000 	C:\Windows\System32\KERNELBASE.dll
0x00007fff27de0000 - 0x00007fff27ee0000 	C:\Windows\System32\ucrtbase.dll
0x00007fff023d0000 - 0x00007fff023e7000 	D:\Program Files\Unity\Hub\Editor\2023.1.19f1\Editor\Data\PlaybackEngines\AndroidPlayer\OpenJDK\bin\jli.dll
0x00007ffeeb060000 - 0x00007ffeeb075000 	D:\Program Files\Unity\Hub\Editor\2023.1.19f1\Editor\Data\PlaybackEngines\AndroidPlayer\OpenJDK\bin\VCRUNTIME140.dll
0x00007fff28b70000 - 0x00007fff28d0e000 	C:\Windows\System32\USER32.dll
0x00007fff0eb00000 - 0x00007fff0ed9a000 	C:\Windows\WinSxS\amd64_microsoft.windows.common-controls_6595b64144ccf1df_6.0.19041.1110_none_60b5254171f9507e\COMCTL32.dll
0x00007fff27ee0000 - 0x00007fff27f02000 	C:\Windows\System32\win32u.dll
0x00007fff29ab0000 - 0x00007fff29b4e000 	C:\Windows\System32\msvcrt.dll
0x00007fff29ca0000 - 0x00007fff29ccc000 	C:\Windows\System32\GDI32.dll
0x00007fff280d0000 - 0x00007fff281e4000 	C:\Windows\System32\gdi32full.dll
0x00007fff27f10000 - 0x00007fff27fad000 	C:\Windows\System32\msvcp_win.dll
0x00007fff29950000 - 0x00007fff29980000 	C:\Windows\System32\IMM32.DLL
0x00007ffede890000 - 0x00007ffede92b000 	D:\Program Files\Unity\Hub\Editor\2023.1.19f1\Editor\Data\PlaybackEngines\AndroidPlayer\OpenJDK\bin\msvcp140.dll
0x00007ffe849e0000 - 0x00007ffe85561000 	D:\Program Files\Unity\Hub\Editor\2023.1.19f1\Editor\Data\PlaybackEngines\AndroidPlayer\OpenJDK\bin\server\jvm.dll
0x00007fff28d70000 - 0x00007fff28e1e000 	C:\Windows\System32\ADVAPI32.dll
0x00007fff29570000 - 0x00007fff2960c000 	C:\Windows\System32\sechost.dll
0x00007fff29e20000 - 0x00007fff29f45000 	C:\Windows\System32\RPCRT4.dll
0x00007fff29b50000 - 0x00007fff29b58000 	C:\Windows\System32\PSAPI.DLL
0x00007fff19c30000 - 0x00007fff19c57000 	C:\Windows\SYSTEM32\WINMM.dll
0x00007fff0d0c0000 - 0x00007fff0d0c9000 	C:\Windows\SYSTEM32\WSOCK32.dll
0x00007fff14af0000 - 0x00007fff14afa000 	C:\Windows\SYSTEM32\VERSION.dll
0x00007fff299e0000 - 0x00007fff29a4b000 	C:\Windows\System32\WS2_32.dll
0x00007fff26520000 - 0x00007fff26532000 	C:\Windows\SYSTEM32\kernel.appcore.dll
0x00007fff1bf10000 - 0x00007fff1bf20000 	D:\Program Files\Unity\Hub\Editor\2023.1.19f1\Editor\Data\PlaybackEngines\AndroidPlayer\OpenJDK\bin\verify.dll
0x00007fff258d0000 - 0x00007fff25ab4000 	C:\Windows\SYSTEM32\DBGHELP.DLL
0x00007fff158d0000 - 0x00007fff158fc000 	C:\Windows\SYSTEM32\dbgcore.DLL
0x00007fff27cd0000 - 0x00007fff27d52000 	C:\Windows\System32\bcryptPrimitives.dll
0x00007ffeeaee0000 - 0x00007ffeeaf08000 	D:\Program Files\Unity\Hub\Editor\2023.1.19f1\Editor\Data\PlaybackEngines\AndroidPlayer\OpenJDK\bin\java.dll
0x00007fff178e0000 - 0x00007fff178ea000 	D:\Program Files\Unity\Hub\Editor\2023.1.19f1\Editor\Data\PlaybackEngines\AndroidPlayer\OpenJDK\bin\jimage.dll
0x00007ffeeae30000 - 0x00007ffeeae48000 	D:\Program Files\Unity\Hub\Editor\2023.1.19f1\Editor\Data\PlaybackEngines\AndroidPlayer\OpenJDK\bin\zip.dll

dbghelp: loaded successfully - version: 4.0.5 - missing functions: none
symbol engine: initialized successfully - sym options: 0x614 - pdb path: .;D:\Program Files\Unity\Hub\Editor\2023.1.19f1\Editor\Data\PlaybackEngines\AndroidPlayer\OpenJDK\bin;C:\Windows\SYSTEM32;C:\Program Files\Avast Software\Avast;C:\Windows\WinSxS\amd64_microsoft.windows.common-controls_6595b64144ccf1df_6.0.19041.1110_none_60b5254171f9507e;D:\Program Files\Unity\Hub\Editor\2023.1.19f1\Editor\Data\PlaybackEngines\AndroidPlayer\OpenJDK\bin\server

VM Arguments:
java_command: <unknown>
java_class_path (initial): <not set>
Launcher Type: SUN_STANDARD

[Global flags]
     intx CICompilerCount                          = 4                                         {product} {ergonomic}
     uint ConcGCThreads                            = 2                                         {product} {ergonomic}
     uint G1ConcRefinementThreads                  = 8                                         {product} {ergonomic}
   size_t G1HeapRegionSize                         = 1048576                                   {product} {ergonomic}
    uintx GCDrainStackTargetSize                   = 64                                        {product} {ergonomic}
   size_t InitialHeapSize                          = 199229440                                 {product} {ergonomic}
   size_t MarkStackSize                            = 4194304                                   {product} {ergonomic}
   size_t MaxHeapSize                              = 3164602368                                {product} {ergonomic}
   size_t MinHeapDeltaBytes                        = 1048576                                   {product} {ergonomic}
    uintx NonNMethodCodeHeapSize                   = 5836300                                {pd product} {ergonomic}
    uintx NonProfiledCodeHeapSize                  = 122910970                              {pd product} {ergonomic}
    uintx ProfiledCodeHeapSize                     = 122910970                              {pd product} {ergonomic}
    uintx ReservedCodeCacheSize                    = 251658240                              {pd product} {ergonomic}
     bool SegmentedCodeCache                       = true                                      {product} {ergonomic}
     bool UseCompressedClassPointers               = true                                 {lp64_product} {ergonomic}
     bool UseCompressedOops                        = true                                 {lp64_product} {ergonomic}
     bool UseG1GC                                  = true                                      {product} {ergonomic}
     bool UseLargePagesIndividualAllocation        = false                                  {pd product} {ergonomic}

Logging:
Log output configuration:
 #0: stdout all=warning uptime,level,tags
 #1: stderr all=off uptime,level,tags

Environment Variables:
JAVA_HOME=D:\Program Files\Unity\Hub\Editor\2023.1.19f1\Editor\Data\PlaybackEngines\AndroidPlayer\OpenJDK
PATH=C:\Program Files (x86)\Common Files\Oracle\Java\javapath;C:\ProgramData\Oracle\Java\javapath;C:\Windows\system32;C:\Windows;C:\Windows\System32\Wbem;C:\Windows\System32\WindowsPowerShell\v1.0\;C:\Windows\System32\OpenSSH\;C:\Program Files\CodeBlocks\MinGW\bin;C:\Program Files\Git\cmd;C:\ProgramData\chocolatey\bin;C:\Program Files\nodejs\;C:\Program Files\Git LFS;C:\Program Files\dotnet\;D:\Program Files\Git LFS;C:\Users\Користувач\AppData\Local\Programs\Python\Launcher\;C:\Users\Користувач\AppData\Local\Programs\Python\Python311\Scripts\;C:\Users\Користувач\AppData\Local\Programs\Python\Python311\;C:\Users\Користувач\AppData\Local\Microsoft\WindowsApps;C:\Users\Користувач\AppData\Local\Programs\Microsoft VS Code\bin;C:\Users\Користувач\AppData\Roaming\npm;C:\Users\Користувач\.dotnet\tools;C:\MinGW\bin;
USERNAME=Bohdan
OS=Windows_NT
PROCESSOR_IDENTIFIER=Intel64 Family 6 Model 140 Stepping 2, GenuineIntel



---------------  S Y S T E M  ---------------

OS: Windows 10 , 64 bit Build 19041 (10.0.19041.1889)
OS uptime: 0 days 8:01 hours

CPU:total 8 (initial active 8) (4 cores per cpu, 2 threads per core) family 6 model 140 stepping 2 microcode 0x16, cmov, cx8, fxsr, mmx, sse, sse2, sse3, ssse3, sse4.1, sse4.2, popcnt, avx, avx2, aes, clmul, erms, 3dnowpref, lzcnt, ht, tsc, tscinvbit, bmi1, bmi2, adx, evex, sha, fma

Memory: 4k page, system-wide physical 12067M (550M free)
TotalPageFile size 25525M (AvailPageFile size 159M)
current process WorkingSet (physical memory assigned to process): 10M, peak: 10M
current process commit charge ("private bytes"): 60M, peak: 250M

vm_info: OpenJDK 64-Bit Server VM (11.0.14.1+1) for windows-amd64 JRE (11.0.14.1+1), built on Feb  9 2022 01:48:27 by "" with unknown MS VC++:1916

END.
